<?xml version="1.0" encoding="UTF-8"?>
<!-- Generated by org.testng.reporters.JUnitReportReporter -->
<testsuite hostname="DESKTOP-S7SOFT1" failures="0" tests="1" name="com.qa.amazontests.LoginTest" time="14.427" errors="0" timestamp="2022-08-23T20:12:59 IST" skipped="0">
  <testcase classname="com.qa.amazontests.LoginTest" name="verifyEmailErrText" time="14.427"/>
  <system-out/>
</testsuite> <!-- com.qa.amazontests.LoginTest -->
