<?xml version="1.0" encoding="UTF-8"?>
<!-- Generated by org.testng.reporters.JUnitReportReporter -->
<testsuite hostname="DESKTOP-S7SOFT1" failures="0" tests="1" name="com.qa.pagetest.HomePageTest" time="75.063" errors="0" timestamp="2022-08-18T12:56:31 IST" skipped="0">
  <testcase classname="com.qa.pagetest.HomePageTest" name="validateHomePageTitleTest" time="75.063"/>
  <system-out/>
</testsuite> <!-- com.qa.pagetest.HomePageTest -->
