<?xml version="1.0" encoding="UTF-8"?>
<!-- Generated by org.testng.reporters.JUnitReportReporter -->
<testsuite hostname="DESKTOP-S7SOFT1" failures="0" tests="1" name="amazontests.LoginTest" time="90.567" errors="0" timestamp="2022-07-15T14:28:14 IST" skipped="0">
  <testcase classname="amazontests.LoginTest" name="verifyForgotPasswordLink" time="90.567"/>
  <system-out/>
</testsuite> <!-- amazontests.LoginTest -->
