<?xml version="1.0" encoding="UTF-8"?>
<!-- Generated by org.testng.reporters.JUnitReportReporter -->
<testsuite hostname="DESKTOP-S7SOFT1" failures="0" tests="1" name="amazontests.AccountRegTest" time="101.374" errors="0" timestamp="2022-07-17T21:09:01 IST" skipped="0">
  <testcase classname="amazontests.AccountRegTest" name="verifyStartHereLink" time="101.374"/>
  <system-out/>
</testsuite> <!-- amazontests.AccountRegTest -->
