<?xml version="1.0" encoding="UTF-8"?>
<!-- Generated by org.testng.reporters.JUnitReportReporter -->
<testsuite hostname="DESKTOP-S7SOFT1" failures="0" tests="1" name="myntratest.ProductTest" time="23.688" errors="0" timestamp="15 Oct 2022 08:55:11 GMT">
  <testcase classname="myntratest.ProductTest" name="verifyCategoryList" time="23.688"/>
</testsuite> <!-- myntratest.ProductTest -->
