<?xml version="1.0" encoding="UTF-8"?>
<!-- Generated by org.testng.reporters.JUnitReportReporter -->
<testsuite hostname="DESKTOP-S7SOFT1" failures="0" tests="1" name="myntratest.PoloTest" time="83.743" errors="0" timestamp="2022-07-25T10:29:34 IST" skipped="0">
  <testcase classname="myntratest.PoloTest" name="verifypoloSearchResult" time="83.743"/>
  <system-out/>
</testsuite> <!-- myntratest.PoloTest -->
