<?xml version="1.0" encoding="UTF-8"?>
<!-- Generated by org.testng.reporters.JUnitReportReporter -->
<testsuite hostname="DESKTOP-S7SOFT1" failures="0" tests="3" name="com.qa.amazontests.AccountRegTest" time="140.520" errors="0" timestamp="2022-08-18T17:38:33 IST" skipped="0">
  <testcase classname="com.qa.amazontests.AccountRegTest" name="fillRegistrationForm" time="35.007"/>
  <system-out/>
  <testcase classname="com.qa.amazontests.AccountRegTest" name="fillRegistrationForm" time="38.419"/>
  <system-out/>
  <testcase classname="com.qa.amazontests.AccountRegTest" name="fillRegistrationForm" time="67.094"/>
  <system-out/>
</testsuite> <!-- com.qa.amazontests.AccountRegTest -->
