<?xml version="1.0" encoding="UTF-8"?>
<!-- Generated by org.testng.reporters.JUnitReportReporter -->
<testsuite hostname="DESKTOP-S7SOFT1" failures="0" tests="4" name="com.qa.pagetest.LoginPageTest" time="260.702" errors="0" timestamp="2022-07-25T17:52:07 IST" skipped="0">
  <testcase classname="com.qa.pagetest.LoginPageTest" name="verifyLoginTest" time="84.763"/>
  <system-out/>
  <testcase classname="com.qa.pagetest.LoginPageTest" name="validateCreateAccountLinkTest" time="64.086"/>
  <system-out/>
  <testcase classname="com.qa.pagetest.LoginPageTest" name="validateLoginPageTitleTest" time="53.854"/>
  <system-out/>
  <testcase classname="com.qa.pagetest.LoginPageTest" name="validateHelpLinkTest" time="57.999"/>
  <system-out/>
</testsuite> <!-- com.qa.pagetest.LoginPageTest -->
