<?xml version="1.0" encoding="UTF-8"?>
<!-- Generated by org.testng.reporters.JUnitReportReporter -->
<testsuite hostname="DESKTOP-S7SOFT1" failures="0" tests="1" name="myntratest.MenTshirtTest" time="18.107" errors="0" timestamp="15 Oct 2022 08:58:48 GMT">
  <testcase classname="myntratest.MenTshirtTest" name="verifyIfSearchByPopularityYieldsProperresult" time="18.107"/>
</testsuite> <!-- myntratest.MenTshirtTest -->
