<?xml version="1.0" encoding="UTF-8"?>
<!-- Generated by org.testng.reporters.JUnitReportReporter -->
<testsuite hostname="DESKTOP-S7SOFT1" failures="0" tests="1" name="myntratest.MenTshirtTest" time="42.672" errors="0" timestamp="2022-10-11T20:31:49 IST" skipped="0">
  <testcase classname="myntratest.MenTshirtTest" name="verifyIfSearchByPopularityYieldsProperresult" time="42.672"/>
  <system-out/>
</testsuite> <!-- myntratest.MenTshirtTest -->
