<?xml version="1.0" encoding="UTF-8"?>
<!-- Generated by org.testng.reporters.JUnitReportReporter -->
<testsuite hostname="DESKTOP-S7SOFT1" failures="0" tests="1" name="com.qa.pagetest.MobilePageTest" time="39.274" errors="0" timestamp="2022-08-27T19:01:06 IST" skipped="0">
  <testcase classname="com.qa.pagetest.MobilePageTest" name="Test" time="39.274"/>
  <system-out/>
</testsuite> <!-- com.qa.pagetest.MobilePageTest -->
