<?xml version="1.0" encoding="UTF-8"?>
<!-- Generated by org.testng.reporters.JUnitReportReporter -->
<testsuite hostname="DESKTOP-S7SOFT1" failures="0" tests="3" name="com.qa.pagetest.HomePageTest" time="96.685" errors="0" timestamp="2022-07-25T17:52:07 IST" skipped="0">
  <testcase classname="com.qa.pagetest.HomePageTest" name="validateHomePageTitleTest" time="41.480"/>
  <system-out/>
  <testcase classname="com.qa.pagetest.HomePageTest" name="validateSiteLogo" time="24.392"/>
  <system-out/>
  <testcase classname="com.qa.pagetest.HomePageTest" name="validateSignInLinkTest" time="30.813"/>
  <system-out/>
</testsuite> <!-- com.qa.pagetest.HomePageTest -->
