<?xml version="1.0" encoding="UTF-8"?>
<!-- Generated by org.testng.reporters.JUnitReportReporter -->
<testsuite hostname="DESKTOP-S7SOFT1" failures="0" tests="3" name="com.qa.amazontests.AccountRegTest" time="161.624" errors="0" timestamp="2022-07-25T22:45:52 IST" skipped="0">
  <testcase classname="com.qa.amazontests.AccountRegTest" name="fillRegistrationForm" time="47.112"/>
  <system-out/>
  <testcase classname="com.qa.amazontests.AccountRegTest" name="fillRegistrationForm" time="49.460"/>
  <system-out/>
  <testcase classname="com.qa.amazontests.AccountRegTest" name="fillRegistrationForm" time="65.052"/>
  <system-out/>
</testsuite> <!-- com.qa.amazontests.AccountRegTest -->
