<?xml version="1.0" encoding="UTF-8"?>
<!-- Generated by org.testng.reporters.JUnitReportReporter -->
<testsuite hostname="DESKTOP-S7SOFT1" failures="0" tests="2" name="com.qa.amazontests.ProductSearchTest" time="59.295" errors="0" timestamp="2022-07-27T19:18:24 IST" skipped="0">
  <testcase classname="com.qa.amazontests.ProductSearchTest" name="searchProduct" time="38.054"/>
  <system-out/>
  <testcase classname="com.qa.amazontests.ProductSearchTest" name="getlist" time="21.241"/>
  <system-out/>
</testsuite> <!-- com.qa.amazontests.ProductSearchTest -->
